 (WW) Failed to open protocol names file lib/xorg/protocol.txt
 
X.Org X Server 1.20.10
X Protocol Version 11, Revision 0
 Build Operating System: Linux Arch Linux
 Current Operating System: Linux Joi 5.10.10-arch1-1 #1 SMP PREEMPT Sat, 23 Jan 2021 23:59:48 +0000 x86_64
 Kernel command line: BOOT_IMAGE=/boot/vmlinuz-linux root=UUID=0fcdd083-853b-4596-a8cc-c9180d390fda rw loglevel=3 quiet
 Build Date: 14 December 2020  12:10:29PM
  
 Current version of pixman: 0.40.0
 	Before reporting problems, check http://wiki.x.org
	to make sure that you have the latest version.
 Markers: (--) probed, (**) from config file, (==) default setting,
	(++) from command line, (!!) notice, (II) informational,
	(WW) warning, (EE) error, (NI) not implemented, (??) unknown.
 (==) Log file: "/var/log/Xorg.0.log", Time: Mon Jan 25 08:49:44 2021
 (==) Using config directory: "/etc/X11/xorg.conf.d"
 (==) Using system config directory "/usr/share/X11/xorg.conf.d"
 (==) No Layout section.  Using the first Screen section.
 (==) No screen section available. Using defaults.
 (**) |-->Screen "Default Screen Section" (0)
 (**) |   |-->Monitor "<default monitor>"
 (==) No monitor specified for screen "Default Screen Section".
	Using a default monitor configuration.
 (==) Automatically adding devices
 (==) Automatically enabling devices
 (==) Automatically adding GPU devices
 (==) Automatically binding GPU devices
 (==) Max clients allowed: 256, resource mask: 0x1fffff
 (WW) The directory "/usr/share/fonts/Type1" does not exist.
 	Entry deleted from font path.
 (==) FontPath set to:
	/usr/share/fonts/misc,
	/usr/share/fonts/TTF,
	/usr/share/fonts/OTF,
	/usr/share/fonts/100dpi,
	/usr/share/fonts/75dpi
 (==) ModulePath set to "/usr/lib/xorg/modules"
 (II) The server relies on udev to provide the list of input devices.
	If no devices become available, reconfigure udev or disable AutoAddDevices.
 (II) Module ABI versions:
 	X.Org ANSI C Emulation: 0.4
 	X.Org Video Driver: 24.1
 	X.Org XInput driver : 24.1
 	X.Org Server Extension : 10.0
 (++) using VT number 1

 (II) systemd-logind: took control of session /org/freedesktop/login1/session/_31
 (II) xfree86: Adding drm device (/dev/dri/card0)
 (II) systemd-logind: got fd for /dev/dri/card0 226:0 fd 10 paused 0
 (**) OutputClass "nvidia" ModulePath extended to "/usr/lib/nvidia/xorg,/usr/lib/xorg/modules,/usr/lib/xorg/modules"
 (--) PCI:*(1@0:0:0) 10de:1f02:1462:3734 rev 161, Mem @ 0xfd000000/16777216, 0xe0000000/268435456, 0xf0000000/33554432, I/O @ 0x0000e000/128, BIOS @ 0x????????/131072
 (WW) Open ACPI failed (/var/run/acpid.socket) (No such file or directory)
 (II) LoadModule: "glx"
 (II) Loading /usr/lib/xorg/modules/extensions/libglx.so
 (II) Module glx: vendor="X.Org Foundation"
 	compiled for 1.20.10, module version = 1.0.0
 	ABI class: X.Org Server Extension, version 10.0
 (II) Applying OutputClass "nvidia" to /dev/dri/card0
 	loading driver: nvidia
 (==) Matched nvidia as autoconfigured driver 0
 (==) Matched nouveau as autoconfigured driver 1
 (==) Matched nv as autoconfigured driver 2
 (==) Matched modesetting as autoconfigured driver 3
 (==) Matched fbdev as autoconfigured driver 4
 (==) Matched vesa as autoconfigured driver 5
 (==) Assigned the driver to the xf86ConfigLayout
 (II) LoadModule: "nvidia"
 (II) Loading /usr/lib/xorg/modules/drivers/nvidia_drv.so
 (II) Module nvidia: vendor="NVIDIA Corporation"
 	compiled for 1.6.99.901, module version = 1.0.0
 	Module class: X.Org Video Driver
 (II) LoadModule: "nouveau"
 (WW) Warning, couldn't open module nouveau
 (EE) Failed to load module "nouveau" (module does not exist, 0)
 (II) LoadModule: "nv"
 (WW) Warning, couldn't open module nv
 (EE) Failed to load module "nv" (module does not exist, 0)
 (II) LoadModule: "modesetting"
 (II) Loading /usr/lib/xorg/modules/drivers/modesetting_drv.so
 (II) Module modesetting: vendor="X.Org Foundation"
 	compiled for 1.20.10, module version = 1.20.10
 	Module class: X.Org Video Driver
 	ABI class: X.Org Video Driver, version 24.1
 (II) LoadModule: "fbdev"
 (WW) Warning, couldn't open module fbdev
 (EE) Failed to load module "fbdev" (module does not exist, 0)
 (II) LoadModule: "vesa"
 (II) Loading /usr/lib/xorg/modules/drivers/vesa_drv.so
 (II) Module vesa: vendor="X.Org Foundation"
 	compiled for 1.20.9, module version = 2.5.0
 	Module class: X.Org Video Driver
 	ABI class: X.Org Video Driver, version 24.1
 (II) NVIDIA dlloader X Driver  460.32.03  Sun Dec 27 18:56:00 UTC 2020
 (II) NVIDIA Unified Driver for all Supported NVIDIA GPUs
 (II) modesetting: Driver for Modesetting Kernel Drivers: kms
 (II) VESA: driver for VESA chipsets: vesa
 (II) systemd-logind: releasing fd for 226:0
 (II) Loading sub module "fb"
 (II) LoadModule: "fb"
 (II) Loading /usr/lib/xorg/modules/libfb.so
 (II) Module fb: vendor="X.Org Foundation"
 	compiled for 1.20.10, module version = 1.0.0
 	ABI class: X.Org ANSI C Emulation, version 0.4
 (II) Loading sub module "wfb"
 (II) LoadModule: "wfb"
 (II) Loading /usr/lib/xorg/modules/libwfb.so
 (II) Module wfb: vendor="X.Org Foundation"
 	compiled for 1.20.10, module version = 1.0.0
 	ABI class: X.Org ANSI C Emulation, version 0.4
 (II) Loading sub module "ramdac"
 (II) LoadModule: "ramdac"
 (II) Module "ramdac" already built-in
 (WW) Falling back to old probe method for modesetting
 (II) NVIDIA(0): Creating default Display subsection in Screen section
	"Default Screen Section" for depth/fbbpp 24/32
 (==) NVIDIA(0): Depth 24, (==) framebuffer bpp 32
 (==) NVIDIA(0): RGB weight 888
 (==) NVIDIA(0): Default visual is TrueColor
 (==) NVIDIA(0): Using gamma correction (1.0, 1.0, 1.0)
 (II) Applying OutputClass "nvidia" options to /dev/dri/card0
 (**) NVIDIA(0): Option "AllowEmptyInitialConfiguration"
 (**) NVIDIA(0): Enabling 2D acceleration
 (II) Loading sub module "glxserver_nvidia"
 (II) LoadModule: "glxserver_nvidia"
 (II) Loading /usr/lib/nvidia/xorg/libglxserver_nvidia.so
 (II) Module glxserver_nvidia: vendor="NVIDIA Corporation"
 	compiled for 1.6.99.901, module version = 1.0.0
 	Module class: X.Org Server Extension
 (II) NVIDIA GLX Module  460.32.03  Sun Dec 27 18:53:34 UTC 2020
 (II) NVIDIA: The X server supports PRIME Render Offload.
 (--) NVIDIA(0): Valid display device(s) on GPU-0 at PCI:1:0:0
 (--) NVIDIA(0):     DFP-0
 (--) NVIDIA(0):     DFP-1
 (--) NVIDIA(0):     DFP-2
 (--) NVIDIA(0):     DFP-3
 (--) NVIDIA(0):     DFP-4 (boot)
 (--) NVIDIA(0):     DFP-5
 (--) NVIDIA(0):     DFP-6
 (--) NVIDIA(0):     DFP-7
 (II) NVIDIA(0): NVIDIA GPU GeForce RTX 2070 (TU106-A) at PCI:1:0:0 (GPU-0)
 (--) NVIDIA(0): Memory: 8388608 kBytes
 (--) NVIDIA(0): VideoBIOS: 90.06.18.40.27
 (II) NVIDIA(0): Detected PCI Express Link width: 16X
 (--) NVIDIA(GPU-0): DFP-0: disconnected
 (--) NVIDIA(GPU-0): DFP-0: Internal DisplayPort
 (--) NVIDIA(GPU-0): DFP-0: 2660.0 MHz maximum pixel clock
 (--) NVIDIA(GPU-0): 
 (--) NVIDIA(GPU-0): DFP-1: disconnected
 (--) NVIDIA(GPU-0): DFP-1: Internal TMDS
 (--) NVIDIA(GPU-0): DFP-1: 165.0 MHz maximum pixel clock
 (--) NVIDIA(GPU-0): 
 (--) NVIDIA(GPU-0): DFP-2: disconnected
 (--) NVIDIA(GPU-0): DFP-2: Internal TMDS
 (--) NVIDIA(GPU-0): DFP-2: 165.0 MHz maximum pixel clock
 (--) NVIDIA(GPU-0): 
 (--) NVIDIA(GPU-0): DFP-3: disconnected
 (--) NVIDIA(GPU-0): DFP-3: Internal DisplayPort
 (--) NVIDIA(GPU-0): DFP-3: 2660.0 MHz maximum pixel clock
 (--) NVIDIA(GPU-0): 
 (--) NVIDIA(GPU-0): BenQ GW2270 (DFP-4): connected
 (--) NVIDIA(GPU-0): BenQ GW2270 (DFP-4): Internal TMDS
 (--) NVIDIA(GPU-0): BenQ GW2270 (DFP-4): 165.0 MHz maximum pixel clock
 (--) NVIDIA(GPU-0): 
 (--) NVIDIA(GPU-0): DFP-5: disconnected
 (--) NVIDIA(GPU-0): DFP-5: Internal DisplayPort
 (--) NVIDIA(GPU-0): DFP-5: 2660.0 MHz maximum pixel clock
 (--) NVIDIA(GPU-0): 
 (--) NVIDIA(GPU-0): BenQ GW2270 (DFP-6): connected
 (--) NVIDIA(GPU-0): BenQ GW2270 (DFP-6): Internal TMDS
 (--) NVIDIA(GPU-0): BenQ GW2270 (DFP-6): 165.0 MHz maximum pixel clock
 (--) NVIDIA(GPU-0): 
 (--) NVIDIA(GPU-0): DFP-7: disconnected
 (--) NVIDIA(GPU-0): DFP-7: Internal DisplayPort
 (--) NVIDIA(GPU-0): DFP-7: 2660.0 MHz maximum pixel clock
 (--) NVIDIA(GPU-0): 
 (==) NVIDIA(0): 
 (==) NVIDIA(0): No modes were requested; the default mode "nvidia-auto-select"
 (==) NVIDIA(0):     will be used as the requested mode.
 (==) NVIDIA(0): 
 (II) NVIDIA(0): Validated MetaModes:
 (II) NVIDIA(0):     "DFP-4:nvidia-auto-select,DFP-6:nvidia-auto-select"
 (II) NVIDIA(0): Virtual screen size determined to be 3840 x 1080
 (--) NVIDIA(0): DPI set to (101, 101); computed from "UseEdidDpi" X config
 (--) NVIDIA(0):     option
 (II) UnloadModule: "modesetting"
 (II) Unloading modesetting
 (II) UnloadModule: "vesa"
 (II) Unloading vesa
 (II) NVIDIA: Using 24576.00 MB of virtual memory for indirect memory
 (II) NVIDIA:     access.
 (II) NVIDIA(0): ACPI: failed to connect to the ACPI event daemon; the daemon
 (II) NVIDIA(0):     may not be running or the "AcpidSocketPath" X
 (II) NVIDIA(0):     configuration option may not be set correctly.  When the
 (II) NVIDIA(0):     ACPI event daemon is available, the NVIDIA X driver will
 (II) NVIDIA(0):     try to use it to receive ACPI event notifications.  For
 (II) NVIDIA(0):     details, please see the "ConnectToAcpid" and
 (II) NVIDIA(0):     "AcpidSocketPath" X configuration options in Appendix B: X
 (II) NVIDIA(0):     Config Options in the README.
 (II) NVIDIA(0): Setting mode "DFP-4:nvidia-auto-select,DFP-6:nvidia-auto-select"
 (==) NVIDIA(0): Disabling shared memory pixmaps
 (==) NVIDIA(0): Backing store enabled
 (==) NVIDIA(0): Silken mouse disabled
 (==) NVIDIA(0): DPMS enabled
 (II) Loading sub module "dri2"
 (II) LoadModule: "dri2"
 (II) Module "dri2" already built-in
 (II) NVIDIA(0): [DRI2] Setup complete
 (II) NVIDIA(0): [DRI2]   VDPAU driver: nvidia
 (II) Initializing extension Generic Event Extension
 (II) Initializing extension SHAPE
 (II) Initializing extension MIT-SHM
 (II) Initializing extension XInputExtension
 (II) Initializing extension XTEST
 (II) Initializing extension BIG-REQUESTS
 (II) Initializing extension SYNC
 (II) Initializing extension XKEYBOARD
 (II) Initializing extension XC-MISC
 (II) Initializing extension SECURITY
 (II) Initializing extension XFIXES
 (II) Initializing extension RENDER
 (II) Initializing extension RANDR
 (II) Initializing extension COMPOSITE
 (II) Initializing extension DAMAGE
 (II) Initializing extension MIT-SCREEN-SAVER
 (II) Initializing extension DOUBLE-BUFFER
 (II) Initializing extension RECORD
 (II) Initializing extension DPMS
 (II) Initializing extension Present
 (II) Initializing extension DRI3
 (II) Initializing extension X-Resource
 (II) Initializing extension XVideo
 (II) Initializing extension XVideo-MotionCompensation
 (II) Initializing extension GLX
 (II) Initializing extension GLX
 (II) Indirect GLX disabled.
 (II) GLX: Another vendor is already registered for screen 0
 (II) Initializing extension XFree86-VidModeExtension
 (II) Initializing extension XFree86-DGA
 (II) Initializing extension XFree86-DRI
 (II) Initializing extension DRI2
 (II) Initializing extension NV-GLX
 (II) Initializing extension NV-CONTROL
 (II) Initializing extension XINERAMA
 (II) config/udev: Adding input device Power Button (/dev/input/event1)
 (**) Power Button: Applying InputClass "libinput keyboard catchall"
 (**) Power Button: Applying InputClass "system-keyboard"
 (II) LoadModule: "libinput"
 (II) Loading /usr/lib/xorg/modules/input/libinput_drv.so
 (II) Module libinput: vendor="X.Org Foundation"
 	compiled for 1.20.8, module version = 0.30.0
 	Module class: X.Org XInput Driver
 	ABI class: X.Org XInput driver, version 24.1
 (II) Using input driver 'libinput' for 'Power Button'
 (II) systemd-logind: got fd for /dev/input/event1 13:65 fd 33 paused 0
 (**) Power Button: always reports core events
 (**) Option "Device" "/dev/input/event1"
 (**) Option "_source" "server/udev"
 (II) event1  - Power Button: is tagged by udev as: Keyboard
 (II) event1  - Power Button: device is a keyboard
 (II) event1  - Power Button: device removed
 (**) Option "config_info" "udev:/sys/devices/LNXSYSTM:00/LNXPWRBN:00/input/input1/event1"
 (II) XINPUT: Adding extended input device "Power Button" (type: KEYBOARD, id 6)
 (**) Option "xkb_layout" "us,it,se"
 (**) Option "xkb_variant" ","
 (**) Option "xkb_options" "grp:alt_shift_toggle"
 (II) event1  - Power Button: is tagged by udev as: Keyboard
 (II) event1  - Power Button: device is a keyboard
 (II) config/udev: Adding input device Power Button (/dev/input/event0)
 (**) Power Button: Applying InputClass "libinput keyboard catchall"
 (**) Power Button: Applying InputClass "system-keyboard"
 (II) Using input driver 'libinput' for 'Power Button'
 (II) systemd-logind: got fd for /dev/input/event0 13:64 fd 36 paused 0
 (**) Power Button: always reports core events
 (**) Option "Device" "/dev/input/event0"
 (**) Option "_source" "server/udev"
 (II) event0  - Power Button: is tagged by udev as: Keyboard
 (II) event0  - Power Button: device is a keyboard
 (II) event0  - Power Button: device removed
 (**) Option "config_info" "udev:/sys/devices/LNXSYSTM:00/LNXSYBUS:00/PNP0C0C:00/input/input0/event0"
 (II) XINPUT: Adding extended input device "Power Button" (type: KEYBOARD, id 7)
 (**) Option "xkb_layout" "us,it,se"
 (**) Option "xkb_variant" ","
 (**) Option "xkb_options" "grp:alt_shift_toggle"
 (II) event0  - Power Button: is tagged by udev as: Keyboard
 (II) event0  - Power Button: device is a keyboard
 (II) config/udev: Adding input device HDA NVidia HDMI/DP,pcm=3 (/dev/input/event11)
 (II) No input driver specified, ignoring this device.
 (II) This device may have been added with another device file.
 (II) config/udev: Adding input device HDA NVidia HDMI/DP,pcm=7 (/dev/input/event12)
 (II) No input driver specified, ignoring this device.
 (II) This device may have been added with another device file.
 (II) config/udev: Adding input device HDA NVidia HDMI/DP,pcm=8 (/dev/input/event13)
 (II) No input driver specified, ignoring this device.
 (II) This device may have been added with another device file.
 (II) config/udev: Adding input device HDA NVidia HDMI/DP,pcm=9 (/dev/input/event14)
 (II) No input driver specified, ignoring this device.
 (II) This device may have been added with another device file.
 (II) config/udev: Adding input device HDA NVidia HDMI/DP,pcm=10 (/dev/input/event15)
 (II) No input driver specified, ignoring this device.
 (II) This device may have been added with another device file.
 (II) config/udev: Adding input device HDA NVidia HDMI/DP,pcm=11 (/dev/input/event16)
 (II) No input driver specified, ignoring this device.
 (II) This device may have been added with another device file.
 (II) config/udev: Adding input device HDA NVidia HDMI/DP,pcm=12 (/dev/input/event17)
 (II) No input driver specified, ignoring this device.
 (II) This device may have been added with another device file.
 (II) config/udev: Adding input device Logitech USB-PS/2 Optical Mouse (/dev/input/event2)
 (**) Logitech USB-PS/2 Optical Mouse: Applying InputClass "libinput pointer catchall"
 (II) Using input driver 'libinput' for 'Logitech USB-PS/2 Optical Mouse'
 (II) systemd-logind: got fd for /dev/input/event2 13:66 fd 37 paused 0
 (**) Logitech USB-PS/2 Optical Mouse: always reports core events
 (**) Option "Device" "/dev/input/event2"
 (**) Option "_source" "server/udev"
 (II) event2  - Logitech USB-PS/2 Optical Mouse: is tagged by udev as: Mouse
 (II) event2  - Logitech USB-PS/2 Optical Mouse: device set to 1000 DPI
 (II) event2  - Logitech USB-PS/2 Optical Mouse: device is a pointer
 (II) event2  - Logitech USB-PS/2 Optical Mouse: device removed
 (**) Option "config_info" "udev:/sys/devices/pci0000:00/0000:00:12.0/usb4/4-2/4-2:1.0/0003:046D:C050.0001/input/input2/event2"
 (II) XINPUT: Adding extended input device "Logitech USB-PS/2 Optical Mouse" (type: MOUSE, id 8)
 (**) Option "AccelerationScheme" "none"
 (**) Logitech USB-PS/2 Optical Mouse: (accel) selected scheme none/0
 (**) Logitech USB-PS/2 Optical Mouse: (accel) acceleration factor: 2.000
 (**) Logitech USB-PS/2 Optical Mouse: (accel) acceleration threshold: 4
 (II) event2  - Logitech USB-PS/2 Optical Mouse: is tagged by udev as: Mouse
 (II) event2  - Logitech USB-PS/2 Optical Mouse: device set to 1000 DPI
 (II) event2  - Logitech USB-PS/2 Optical Mouse: device is a pointer
 (II) config/udev: Adding input device Logitech USB-PS/2 Optical Mouse (/dev/input/mouse0)
 (II) No input driver specified, ignoring this device.
 (II) This device may have been added with another device file.
 (II) config/udev: Adding input device SINO WEALTH USB KEYBOARD (/dev/input/event4)
 (**) SINO WEALTH USB KEYBOARD: Applying InputClass "libinput keyboard catchall"
 (**) SINO WEALTH USB KEYBOARD: Applying InputClass "system-keyboard"
 (II) Using input driver 'libinput' for 'SINO WEALTH USB KEYBOARD'
 (II) systemd-logind: got fd for /dev/input/event4 13:68 fd 38 paused 0
 (**) SINO WEALTH USB KEYBOARD: always reports core events
 (**) Option "Device" "/dev/input/event4"
 (**) Option "_source" "server/udev"
 (II) event4  - SINO WEALTH USB KEYBOARD: is tagged by udev as: Keyboard
 (II) event4  - SINO WEALTH USB KEYBOARD: device is a keyboard
 (II) event4  - SINO WEALTH USB KEYBOARD: device removed
 (**) Option "config_info" "udev:/sys/devices/pci0000:00/0000:00:12.0/usb4/4-4/4-4:1.0/0003:258A:0006.0003/input/input4/event4"
 (II) XINPUT: Adding extended input device "SINO WEALTH USB KEYBOARD" (type: KEYBOARD, id 9)
 (**) Option "xkb_layout" "us,it,se"
 (**) Option "xkb_variant" ","
 (**) Option "xkb_options" "grp:alt_shift_toggle"
 (II) event4  - SINO WEALTH USB KEYBOARD: is tagged by udev as: Keyboard
 (II) event4  - SINO WEALTH USB KEYBOARD: device is a keyboard
 (II) config/udev: Adding input device SINO WEALTH USB KEYBOARD System Control (/dev/input/event5)
 (**) SINO WEALTH USB KEYBOARD System Control: Applying InputClass "libinput keyboard catchall"
 (**) SINO WEALTH USB KEYBOARD System Control: Applying InputClass "system-keyboard"
 (II) Using input driver 'libinput' for 'SINO WEALTH USB KEYBOARD System Control'
 (II) systemd-logind: got fd for /dev/input/event5 13:69 fd 39 paused 0
 (**) SINO WEALTH USB KEYBOARD System Control: always reports core events
 (**) Option "Device" "/dev/input/event5"
 (**) Option "_source" "server/udev"
 (II) event5  - SINO WEALTH USB KEYBOARD System Control: is tagged by udev as: Keyboard
 (II) event5  - SINO WEALTH USB KEYBOARD System Control: device is a keyboard
 (II) event5  - SINO WEALTH USB KEYBOARD System Control: device removed
 (**) Option "config_info" "udev:/sys/devices/pci0000:00/0000:00:12.0/usb4/4-4/4-4:1.1/0003:258A:0006.0004/input/input5/event5"
 (II) XINPUT: Adding extended input device "SINO WEALTH USB KEYBOARD System Control" (type: KEYBOARD, id 10)
 (**) Option "xkb_layout" "us,it,se"
 (**) Option "xkb_variant" ","
 (**) Option "xkb_options" "grp:alt_shift_toggle"
 (II) event5  - SINO WEALTH USB KEYBOARD System Control: is tagged by udev as: Keyboard
 (II) event5  - SINO WEALTH USB KEYBOARD System Control: device is a keyboard
 (II) config/udev: Adding input device SINO WEALTH USB KEYBOARD Consumer Control (/dev/input/event6)
 (**) SINO WEALTH USB KEYBOARD Consumer Control: Applying InputClass "libinput keyboard catchall"
 (**) SINO WEALTH USB KEYBOARD Consumer Control: Applying InputClass "system-keyboard"
 (II) Using input driver 'libinput' for 'SINO WEALTH USB KEYBOARD Consumer Control'
 (II) systemd-logind: got fd for /dev/input/event6 13:70 fd 40 paused 0
 (**) SINO WEALTH USB KEYBOARD Consumer Control: always reports core events
 (**) Option "Device" "/dev/input/event6"
 (**) Option "_source" "server/udev"
 (II) event6  - SINO WEALTH USB KEYBOARD Consumer Control: is tagged by udev as: Keyboard
 (II) event6  - SINO WEALTH USB KEYBOARD Consumer Control: device is a keyboard
 (II) event6  - SINO WEALTH USB KEYBOARD Consumer Control: device removed
 (II) libinput: SINO WEALTH USB KEYBOARD Consumer Control: needs a virtual subdevice
 (**) Option "config_info" "udev:/sys/devices/pci0000:00/0000:00:12.0/usb4/4-4/4-4:1.1/0003:258A:0006.0004/input/input6/event6"
 (II) XINPUT: Adding extended input device "SINO WEALTH USB KEYBOARD Consumer Control" (type: MOUSE, id 11)
 (**) Option "AccelerationScheme" "none"
 (**) SINO WEALTH USB KEYBOARD Consumer Control: (accel) selected scheme none/0
 (**) SINO WEALTH USB KEYBOARD Consumer Control: (accel) acceleration factor: 2.000
 (**) SINO WEALTH USB KEYBOARD Consumer Control: (accel) acceleration threshold: 4
 (II) event6  - SINO WEALTH USB KEYBOARD Consumer Control: is tagged by udev as: Keyboard
 (II) event6  - SINO WEALTH USB KEYBOARD Consumer Control: device is a keyboard
 (II) config/udev: Adding input device SINO WEALTH USB KEYBOARD Keyboard (/dev/input/event7)
 (**) SINO WEALTH USB KEYBOARD Keyboard: Applying InputClass "libinput keyboard catchall"
 (**) SINO WEALTH USB KEYBOARD Keyboard: Applying InputClass "system-keyboard"
 (II) Using input driver 'libinput' for 'SINO WEALTH USB KEYBOARD Keyboard'
 (II) systemd-logind: got fd for /dev/input/event7 13:71 fd 41 paused 0
 (**) SINO WEALTH USB KEYBOARD Keyboard: always reports core events
 (**) Option "Device" "/dev/input/event7"
 (**) Option "_source" "server/udev"
 (II) event7  - SINO WEALTH USB KEYBOARD Keyboard: is tagged by udev as: Keyboard
 (II) event7  - SINO WEALTH USB KEYBOARD Keyboard: device is a keyboard
 (II) event7  - SINO WEALTH USB KEYBOARD Keyboard: device removed
 (**) Option "config_info" "udev:/sys/devices/pci0000:00/0000:00:12.0/usb4/4-4/4-4:1.1/0003:258A:0006.0004/input/input7/event7"
 (II) XINPUT: Adding extended input device "SINO WEALTH USB KEYBOARD Keyboard" (type: KEYBOARD, id 12)
 (**) Option "xkb_layout" "us,it,se"
 (**) Option "xkb_variant" ","
 (**) Option "xkb_options" "grp:alt_shift_toggle"
 (II) event7  - SINO WEALTH USB KEYBOARD Keyboard: is tagged by udev as: Keyboard
 (II) event7  - SINO WEALTH USB KEYBOARD Keyboard: device is a keyboard
 (II) config/udev: Adding input device Razer Razer Kraken USB (/dev/input/event3)
 (**) Razer Razer Kraken USB: Applying InputClass "libinput keyboard catchall"
 (**) Razer Razer Kraken USB: Applying InputClass "system-keyboard"
 (II) Using input driver 'libinput' for 'Razer Razer Kraken USB'
 (II) systemd-logind: got fd for /dev/input/event3 13:67 fd 42 paused 0
 (**) Razer Razer Kraken USB: always reports core events
 (**) Option "Device" "/dev/input/event3"
 (**) Option "_source" "server/udev"
 (II) event3  - Razer Razer Kraken USB: is tagged by udev as: Keyboard
 (II) event3  - Razer Razer Kraken USB: device is a keyboard
 (II) event3  - Razer Razer Kraken USB: device removed
 (**) Option "config_info" "udev:/sys/devices/pci0000:00/0000:00:13.0/usb5/5-3/5-3:1.3/0003:1532:0502.0002/input/input3/event3"
 (II) XINPUT: Adding extended input device "Razer Razer Kraken USB" (type: KEYBOARD, id 13)
 (**) Option "xkb_layout" "us,it,se"
 (**) Option "xkb_variant" ","
 (**) Option "xkb_options" "grp:alt_shift_toggle"
 (II) event3  - Razer Razer Kraken USB: is tagged by udev as: Keyboard
 (II) event3  - Razer Razer Kraken USB: device is a keyboard
 (II) config/udev: Adding input device UVC Camera (046d:0825) (/dev/input/event10)
 (**) UVC Camera (046d:0825): Applying InputClass "libinput keyboard catchall"
 (**) UVC Camera (046d:0825): Applying InputClass "system-keyboard"
 (II) Using input driver 'libinput' for 'UVC Camera (046d:0825)'
 (II) systemd-logind: got fd for /dev/input/event10 13:74 fd 43 paused 0
 (**) UVC Camera (046d:0825): always reports core events
 (**) Option "Device" "/dev/input/event10"
 (**) Option "_source" "server/udev"
 (II) event10 - UVC Camera (046d:0825): is tagged by udev as: Keyboard
 (II) event10 - UVC Camera (046d:0825): device is a keyboard
 (II) event10 - UVC Camera (046d:0825): device removed
 (**) Option "config_info" "udev:/sys/devices/pci0000:00/0000:00:13.2/usb2/2-1/2-1:1.0/input/input10/event10"
 (II) XINPUT: Adding extended input device "UVC Camera (046d:0825)" (type: KEYBOARD, id 14)
 (**) Option "xkb_layout" "us,it,se"
 (**) Option "xkb_variant" ","
 (**) Option "xkb_options" "grp:alt_shift_toggle"
 (II) event10 - UVC Camera (046d:0825): is tagged by udev as: Keyboard
 (II) event10 - UVC Camera (046d:0825): device is a keyboard
 (II) config/udev: Adding input device HDA ATI SB Front Mic (/dev/input/event18)
 (II) No input driver specified, ignoring this device.
 (II) This device may have been added with another device file.
 (II) config/udev: Adding input device HDA ATI SB Rear Mic (/dev/input/event19)
 (II) No input driver specified, ignoring this device.
 (II) This device may have been added with another device file.
 (II) config/udev: Adding input device HDA ATI SB Line (/dev/input/event20)
 (II) No input driver specified, ignoring this device.
 (II) This device may have been added with another device file.
 (II) config/udev: Adding input device HDA ATI SB Line Out (/dev/input/event21)
 (II) No input driver specified, ignoring this device.
 (II) This device may have been added with another device file.
 (II) config/udev: Adding input device HDA ATI SB Front Headphone (/dev/input/event22)
 (II) No input driver specified, ignoring this device.
 (II) This device may have been added with another device file.
 (II) config/udev: Adding input device Eee PC WMI hotkeys (/dev/input/event9)
 (**) Eee PC WMI hotkeys: Applying InputClass "libinput keyboard catchall"
 (**) Eee PC WMI hotkeys: Applying InputClass "system-keyboard"
 (II) Using input driver 'libinput' for 'Eee PC WMI hotkeys'
 (II) systemd-logind: got fd for /dev/input/event9 13:73 fd 44 paused 0
 (**) Eee PC WMI hotkeys: always reports core events
 (**) Option "Device" "/dev/input/event9"
 (**) Option "_source" "server/udev"
 (II) event9  - Eee PC WMI hotkeys: is tagged by udev as: Keyboard
 (II) event9  - Eee PC WMI hotkeys: device is a keyboard
 (II) event9  - Eee PC WMI hotkeys: device removed
 (**) Option "config_info" "udev:/sys/devices/platform/eeepc-wmi/input/input9/event9"
 (II) XINPUT: Adding extended input device "Eee PC WMI hotkeys" (type: KEYBOARD, id 15)
 (**) Option "xkb_layout" "us,it,se"
 (**) Option "xkb_variant" ","
 (**) Option "xkb_options" "grp:alt_shift_toggle"
 (II) event9  - Eee PC WMI hotkeys: is tagged by udev as: Keyboard
 (II) event9  - Eee PC WMI hotkeys: device is a keyboard
 (II) config/udev: Adding input device PC Speaker (/dev/input/event8)
 (II) No input driver specified, ignoring this device.
 (II) This device may have been added with another device file.
 (**) SINO WEALTH USB KEYBOARD Consumer Control: Applying InputClass "libinput keyboard catchall"
 (**) SINO WEALTH USB KEYBOARD Consumer Control: Applying InputClass "system-keyboard"
 (II) Using input driver 'libinput' for 'SINO WEALTH USB KEYBOARD Consumer Control'
 (II) systemd-logind: returning pre-existing fd for /dev/input/event6 13:70
 (**) SINO WEALTH USB KEYBOARD Consumer Control: always reports core events
 (**) Option "Device" "/dev/input/event6"
 (**) Option "_source" "_driver/libinput"
 (II) libinput: SINO WEALTH USB KEYBOARD Consumer Control: is a virtual subdevice
 (**) Option "config_info" "udev:/sys/devices/pci0000:00/0000:00:12.0/usb4/4-4/4-4:1.1/0003:258A:0006.0004/input/input6/event6"
 (II) XINPUT: Adding extended input device "SINO WEALTH USB KEYBOARD Consumer Control" (type: KEYBOARD, id 16)
 (**) Option "xkb_layout" "us,it,se"
 (**) Option "xkb_variant" ","
 (**) Option "xkb_options" "grp:alt_shift_toggle"
 (--) NVIDIA(GPU-0): DFP-0: disconnected
 (--) NVIDIA(GPU-0): DFP-0: Internal DisplayPort
 (--) NVIDIA(GPU-0): DFP-0: 2660.0 MHz maximum pixel clock
 (--) NVIDIA(GPU-0): 
 (--) NVIDIA(GPU-0): DFP-1: disconnected
 (--) NVIDIA(GPU-0): DFP-1: Internal TMDS
 (--) NVIDIA(GPU-0): DFP-1: 165.0 MHz maximum pixel clock
 (--) NVIDIA(GPU-0): 
 (--) NVIDIA(GPU-0): DFP-2: disconnected
 (--) NVIDIA(GPU-0): DFP-2: Internal TMDS
 (--) NVIDIA(GPU-0): DFP-2: 165.0 MHz maximum pixel clock
 (--) NVIDIA(GPU-0): 
 (--) NVIDIA(GPU-0): DFP-3: disconnected
 (--) NVIDIA(GPU-0): DFP-3: Internal DisplayPort
 (--) NVIDIA(GPU-0): DFP-3: 2660.0 MHz maximum pixel clock
 (--) NVIDIA(GPU-0): 
 (--) NVIDIA(GPU-0): BenQ GW2270 (DFP-4): connected
 (--) NVIDIA(GPU-0): BenQ GW2270 (DFP-4): Internal TMDS
 (--) NVIDIA(GPU-0): BenQ GW2270 (DFP-4): 165.0 MHz maximum pixel clock
 (--) NVIDIA(GPU-0): 
 (--) NVIDIA(GPU-0): DFP-5: disconnected
 (--) NVIDIA(GPU-0): DFP-5: Internal DisplayPort
 (--) NVIDIA(GPU-0): DFP-5: 2660.0 MHz maximum pixel clock
 (--) NVIDIA(GPU-0): 
 (--) NVIDIA(GPU-0): BenQ GW2270 (DFP-6): connected
 (--) NVIDIA(GPU-0): BenQ GW2270 (DFP-6): Internal TMDS
 (--) NVIDIA(GPU-0): BenQ GW2270 (DFP-6): 165.0 MHz maximum pixel clock
 (--) NVIDIA(GPU-0): 
 (--) NVIDIA(GPU-0): DFP-7: disconnected
 (--) NVIDIA(GPU-0): DFP-7: Internal DisplayPort
 (--) NVIDIA(GPU-0): DFP-7: 2660.0 MHz maximum pixel clock
 (--) NVIDIA(GPU-0): 
 (--) NVIDIA(GPU-0): DFP-0: disconnected
 (--) NVIDIA(GPU-0): DFP-0: Internal DisplayPort
 (--) NVIDIA(GPU-0): DFP-0: 2660.0 MHz maximum pixel clock
 (--) NVIDIA(GPU-0): 
 (--) NVIDIA(GPU-0): DFP-1: disconnected
 (--) NVIDIA(GPU-0): DFP-1: Internal TMDS
 (--) NVIDIA(GPU-0): DFP-1: 165.0 MHz maximum pixel clock
 (--) NVIDIA(GPU-0): 
 (--) NVIDIA(GPU-0): DFP-2: disconnected
 (--) NVIDIA(GPU-0): DFP-2: Internal TMDS
 (--) NVIDIA(GPU-0): DFP-2: 165.0 MHz maximum pixel clock
 (--) NVIDIA(GPU-0): 
 (--) NVIDIA(GPU-0): DFP-3: disconnected
 (--) NVIDIA(GPU-0): DFP-3: Internal DisplayPort
 (--) NVIDIA(GPU-0): DFP-3: 2660.0 MHz maximum pixel clock
 (--) NVIDIA(GPU-0): 
 (--) NVIDIA(GPU-0): BenQ GW2270 (DFP-4): connected
 (--) NVIDIA(GPU-0): BenQ GW2270 (DFP-4): Internal TMDS
 (--) NVIDIA(GPU-0): BenQ GW2270 (DFP-4): 165.0 MHz maximum pixel clock
 (--) NVIDIA(GPU-0): 
 (--) NVIDIA(GPU-0): DFP-5: disconnected
 (--) NVIDIA(GPU-0): DFP-5: Internal DisplayPort
 (--) NVIDIA(GPU-0): DFP-5: 2660.0 MHz maximum pixel clock
 (--) NVIDIA(GPU-0): 
 (--) NVIDIA(GPU-0): BenQ GW2270 (DFP-6): connected
 (--) NVIDIA(GPU-0): BenQ GW2270 (DFP-6): Internal TMDS
 (--) NVIDIA(GPU-0): BenQ GW2270 (DFP-6): 165.0 MHz maximum pixel clock
 (--) NVIDIA(GPU-0): 
 (--) NVIDIA(GPU-0): DFP-7: disconnected
 (--) NVIDIA(GPU-0): DFP-7: Internal DisplayPort
 (--) NVIDIA(GPU-0): DFP-7: 2660.0 MHz maximum pixel clock
 (--) NVIDIA(GPU-0): 
 (--) NVIDIA(GPU-0): DFP-0: disconnected
 (--) NVIDIA(GPU-0): DFP-0: Internal DisplayPort
 (--) NVIDIA(GPU-0): DFP-0: 2660.0 MHz maximum pixel clock
 (--) NVIDIA(GPU-0): 
 (--) NVIDIA(GPU-0): DFP-1: disconnected
 (--) NVIDIA(GPU-0): DFP-1: Internal TMDS
 (--) NVIDIA(GPU-0): DFP-1: 165.0 MHz maximum pixel clock
 (--) NVIDIA(GPU-0): 
 (--) NVIDIA(GPU-0): DFP-2: disconnected
 (--) NVIDIA(GPU-0): DFP-2: Internal TMDS
 (--) NVIDIA(GPU-0): DFP-2: 165.0 MHz maximum pixel clock
 (--) NVIDIA(GPU-0): 
 (--) NVIDIA(GPU-0): DFP-3: disconnected
 (--) NVIDIA(GPU-0): DFP-3: Internal DisplayPort
 (--) NVIDIA(GPU-0): DFP-3: 2660.0 MHz maximum pixel clock
 (--) NVIDIA(GPU-0): 
 (--) NVIDIA(GPU-0): BenQ GW2270 (DFP-4): connected
 (--) NVIDIA(GPU-0): BenQ GW2270 (DFP-4): Internal TMDS
 (--) NVIDIA(GPU-0): BenQ GW2270 (DFP-4): 165.0 MHz maximum pixel clock
 (--) NVIDIA(GPU-0): 
 (--) NVIDIA(GPU-0): DFP-5: disconnected
 (--) NVIDIA(GPU-0): DFP-5: Internal DisplayPort
 (--) NVIDIA(GPU-0): DFP-5: 2660.0 MHz maximum pixel clock
 (--) NVIDIA(GPU-0): 
 (--) NVIDIA(GPU-0): BenQ GW2270 (DFP-6): connected
 (--) NVIDIA(GPU-0): BenQ GW2270 (DFP-6): Internal TMDS
 (--) NVIDIA(GPU-0): BenQ GW2270 (DFP-6): 165.0 MHz maximum pixel clock
 (--) NVIDIA(GPU-0): 
 (--) NVIDIA(GPU-0): DFP-7: disconnected
 (--) NVIDIA(GPU-0): DFP-7: Internal DisplayPort
 (--) NVIDIA(GPU-0): DFP-7: 2660.0 MHz maximum pixel clock
 (--) NVIDIA(GPU-0): 
 (--) NVIDIA(GPU-0): DFP-0: disconnected
 (--) NVIDIA(GPU-0): DFP-0: Internal DisplayPort
 (--) NVIDIA(GPU-0): DFP-0: 2660.0 MHz maximum pixel clock
 (--) NVIDIA(GPU-0): 
 (--) NVIDIA(GPU-0): DFP-1: disconnected
 (--) NVIDIA(GPU-0): DFP-1: Internal TMDS
 (--) NVIDIA(GPU-0): DFP-1: 165.0 MHz maximum pixel clock
 (--) NVIDIA(GPU-0): 
 (--) NVIDIA(GPU-0): DFP-2: disconnected
 (--) NVIDIA(GPU-0): DFP-2: Internal TMDS
 (--) NVIDIA(GPU-0): DFP-2: 165.0 MHz maximum pixel clock
 (--) NVIDIA(GPU-0): 
 (--) NVIDIA(GPU-0): DFP-3: disconnected
 (--) NVIDIA(GPU-0): DFP-3: Internal DisplayPort
 (--) NVIDIA(GPU-0): DFP-3: 2660.0 MHz maximum pixel clock
 (--) NVIDIA(GPU-0): 
 (--) NVIDIA(GPU-0): BenQ GW2270 (DFP-4): connected
 (--) NVIDIA(GPU-0): BenQ GW2270 (DFP-4): Internal TMDS
 (--) NVIDIA(GPU-0): BenQ GW2270 (DFP-4): 165.0 MHz maximum pixel clock
 (--) NVIDIA(GPU-0): 
 (--) NVIDIA(GPU-0): DFP-5: disconnected
 (--) NVIDIA(GPU-0): DFP-5: Internal DisplayPort
 (--) NVIDIA(GPU-0): DFP-5: 2660.0 MHz maximum pixel clock
 (--) NVIDIA(GPU-0): 
 (--) NVIDIA(GPU-0): BenQ GW2270 (DFP-6): connected
 (--) NVIDIA(GPU-0): BenQ GW2270 (DFP-6): Internal TMDS
 (--) NVIDIA(GPU-0): BenQ GW2270 (DFP-6): 165.0 MHz maximum pixel clock
 (--) NVIDIA(GPU-0): 
 (--) NVIDIA(GPU-0): DFP-7: disconnected
 (--) NVIDIA(GPU-0): DFP-7: Internal DisplayPort
 (--) NVIDIA(GPU-0): DFP-7: 2660.0 MHz maximum pixel clock
 (--) NVIDIA(GPU-0):